<?xml version="1.0" encoding="UTF-8"?>
<!-- Generated by org.testng.reporters.JUnitReportReporter -->
<testsuite hostname="DESKTOP-P6NGEVN" failures="0" tests="1" name="practise.Practise_2" time="0.017" errors="0" timestamp="2023-03-22T12:29:00 IST" skipped="0">
  <testcase classname="practise.Practise_2" name="demon" time="0.017"/>
  <system-out/>
</testsuite> <!-- practise.Practise_2 -->
