<?xml version="1.0" encoding="UTF-8"?>
<!-- Generated by org.testng.reporters.JUnitReportReporter -->
<testsuite hostname="DESKTOP-P6NGEVN" failures="0" tests="1" name="demopack.Commitprogram" time="0.221" errors="0" timestamp="2023-03-24T12:49:07 IST" skipped="0">
  <testcase classname="demopack.Commitprogram" name="sample" time="0.221"/>
  <system-out/>
</testsuite> <!-- demopack.Commitprogram -->
