<?xml version="1.0" encoding="UTF-8"?>
<!-- Generated by org.testng.reporters.JUnitReportReporter -->
<testsuite hostname="DESKTOP-I5RB4A6" failures="0" tests="1" name="demopack.Commitprogram" time="0.013" errors="0" timestamp="2023-03-24T14:25:20 IST" skipped="0">
  <testcase classname="demopack.Commitprogram" name="sample" time="0.013"/>
  <system-out/>
</testsuite> <!-- demopack.Commitprogram -->
