<?xml version="1.0" encoding="UTF-8"?>
<!-- Generated by org.testng.reporters.JUnitReportReporter -->
<testsuite hostname="DESKTOP-I5RB4A6" failures="0" tests="1" name="demopack.Sample" time="0.017" errors="0" timestamp="2023-03-27T12:27:15 IST" skipped="0">
  <testcase classname="demopack.Sample" name="Demo" time="0.017"/>
  <system-out/>
</testsuite> <!-- demopack.Sample -->
