<?xml version="1.0" encoding="UTF-8"?>
<!-- Generated by org.testng.reporters.JUnitReportReporter -->
<testsuite hostname="DESKTOP-I5RB4A6" failures="0" tests="1" name="practise.Practise_2" time="0.012" errors="0" timestamp="2023-03-24T14:00:12 IST" skipped="0">
  <testcase classname="practise.Practise_2" name="demon" time="0.012"/>
  <system-out/>
</testsuite> <!-- practise.Practise_2 -->
