<?xml version="1.0" encoding="UTF-8"?>
<!-- Generated by org.testng.reporters.JUnitReportReporter -->
<testsuite hostname="DESKTOP-I5RB4A6" failures="0" tests="1" name="practise.Practise" time="0.012" errors="0" timestamp="2023-03-24T14:21:58 IST" skipped="0">
  <testcase classname="practise.Practise" name="run" time="0.012"/>
  <system-out/>
</testsuite> <!-- practise.Practise -->
